[debug] [2021-09-06T18:23:48.023Z] ----------------------------------------------------------------------
[debug] [2021-09-06T18:23:48.025Z] Command:       C:\Program Files\nodejs\node.exe C:\Users\Adam\AppData\Roaming\npm\node_modules\firebase-tools\lib\bin\firebase.js init
[debug] [2021-09-06T18:23:48.026Z] CLI Version:   9.17.0
[debug] [2021-09-06T18:23:48.026Z] Platform:      win32
[debug] [2021-09-06T18:23:48.026Z] Node Version:  v15.0.1
[debug] [2021-09-06T18:23:48.027Z] Time:          Mon Sep 06 2021 20:23:48 GMT+0200 (Central European Summer Time)
[debug] [2021-09-06T18:23:48.027Z] ----------------------------------------------------------------------
[debug] 
[debug] [2021-09-06T18:23:48.099Z] > command requires scopes: ["email","openid","https://www.googleapis.com/auth/cloudplatformprojects.readonly","https://www.googleapis.com/auth/firebase","https://www.googleapis.com/auth/cloud-platform"]
[debug] [2021-09-06T18:23:48.099Z] > authorizing via signed-in user (aiskrzycki01@gmail.com)
[info] 
     ######## #### ########  ######## ########     ###     ######  ########
     ##        ##  ##     ## ##       ##     ##  ##   ##  ##       ##
     ######    ##  ########  ######   ########  #########  ######  ######
     ##        ##  ##    ##  ##       ##     ## ##     ##       ## ##
     ##       #### ##     ## ######## ########  ##     ##  ######  ########

You're about to initialize a Firebase project in this directory:

  C:\Users\Adam\Documents\programowanie\www\memory-game

Before we get started, keep in mind:

  * You are initializing within an existing Firebase project directory

[info] 
=== Project Setup
[info] 
[info] First, let's associate this project directory with a Firebase project.
[info] You can create multiple project aliases by running firebase use --add, 
[info] but for now we'll just set up a default project.
[info] 
[info] i  .firebaserc already has a default project, using memory-game-86766. 
[debug] [2021-09-06T18:23:52.441Z] > refreshing access token with scopes: []
[debug] [2021-09-06T18:23:52.442Z] >>> HTTP REQUEST POST https://www.googleapis.com/oauth2/v3/token  
 <request body omitted>
[debug] [2021-09-06T18:23:52.577Z] <<< HTTP RESPONSE 200 {"pragma":"no-cache","date":"Mon, 06 Sep 2021 18:23:51 GMT","expires":"Mon, 01 Jan 1990 00:00:00 GMT","cache-control":"no-cache, no-store, max-age=0, must-revalidate","content-type":"application/json; charset=utf-8","vary":"X-Origin, Referer, Origin,Accept-Encoding","server":"scaffolding on HTTPServer2","x-xss-protection":"0","x-frame-options":"SAMEORIGIN","x-content-type-options":"nosniff","alt-svc":"h3=\":443\"; ma=2592000,h3-29=\":443\"; ma=2592000,h3-T051=\":443\"; ma=2592000,h3-Q050=\":443\"; ma=2592000,h3-Q046=\":443\"; ma=2592000,h3-Q043=\":443\"; ma=2592000,quic=\":443\"; ma=2592000; v=\"46,43\"","accept-ranges":"none","transfer-encoding":"chunked"}
[debug] [2021-09-06T18:23:52.641Z] >>> [apiv2][query] GET https://firebase.googleapis.com/v1beta1/projects/memory-game-86766 [none]
[debug] [2021-09-06T18:23:52.868Z] <<< [apiv2][status] GET https://firebase.googleapis.com/v1beta1/projects/memory-game-86766 200
[debug] [2021-09-06T18:23:52.868Z] <<< [apiv2][body] GET https://firebase.googleapis.com/v1beta1/projects/memory-game-86766 {"projectId":"memory-game-86766","projectNumber":"761545824208","displayName":"memory-game","name":"projects/memory-game-86766","resources":{"hostingSite":"memory-game-86766"},"state":"ACTIVE"}
[info] 
=== Hosting Setup
[info] 
[info] Your public directory is the folder (relative to your project directory) that
[info] will contain Hosting assets to be uploaded with firebase deploy. If you
[info] have a build process for your assets, use your build's output directory.
[info] 
